\BOOKMARK [0][-]{chapter.1}{\376\377\0001\000\040\000N\000a\000m\000e\000s\000p\000a\000c\000e\000\040\000I\000n\000d\000e\000x}{}% 1
\BOOKMARK [1][-]{section.1.1}{\376\377\0001\000.\0001\000\040\000N\000a\000m\000e\000s\000p\000a\000c\000e\000\040\000L\000i\000s\000t}{chapter.1}% 2
\BOOKMARK [0][-]{chapter.2}{\376\377\0002\000\040\000D\000a\000t\000a\000\040\000S\000t\000r\000u\000c\000t\000u\000r\000e\000\040\000I\000n\000d\000e\000x}{}% 3
\BOOKMARK [1][-]{section.2.1}{\376\377\0002\000.\0001\000\040\000D\000a\000t\000a\000\040\000S\000t\000r\000u\000c\000t\000u\000r\000e\000s}{chapter.2}% 4
\BOOKMARK [0][-]{chapter.3}{\376\377\0003\000\040\000F\000i\000l\000e\000\040\000I\000n\000d\000e\000x}{}% 5
\BOOKMARK [1][-]{section.3.1}{\376\377\0003\000.\0001\000\040\000F\000i\000l\000e\000\040\000L\000i\000s\000t}{chapter.3}% 6
\BOOKMARK [0][-]{chapter.4}{\376\377\0004\000\040\000N\000a\000m\000e\000s\000p\000a\000c\000e\000\040\000D\000o\000c\000u\000m\000e\000n\000t\000a\000t\000i\000o\000n}{}% 7
\BOOKMARK [1][-]{section.4.1}{\376\377\0004\000.\0001\000\040\000t\000h\000r\000e\000a\000d\000\040\000N\000a\000m\000e\000s\000p\000a\000c\000e\000\040\000R\000e\000f\000e\000r\000e\000n\000c\000e}{chapter.4}% 8
\BOOKMARK [0][-]{chapter.5}{\376\377\0005\000\040\000D\000a\000t\000a\000\040\000S\000t\000r\000u\000c\000t\000u\000r\000e\000\040\000D\000o\000c\000u\000m\000e\000n\000t\000a\000t\000i\000o\000n}{}% 9
\BOOKMARK [1][-]{section.5.1}{\376\377\0005\000.\0001\000\040\000t\000h\000r\000e\000a\000d\000:\000:\000a\000t\000o\000m\000i\000c\000x\000:\000:\000a\000i\000t\000e\000r\000a\000t\000o\000r\000\040\000C\000l\000a\000s\000s\000\040\000R\000e\000f\000e\000r\000e\000n\000c\000e}{chapter.5}% 10
\BOOKMARK [2][-]{subsection.5.1.1}{\376\377\0005\000.\0001\000.\0001\000\040\000D\000e\000t\000a\000i\000l\000e\000d\000\040\000D\000e\000s\000c\000r\000i\000p\000t\000i\000o\000n}{section.5.1}% 11
\BOOKMARK [3][-]{subsubsection.5.1.1.1}{\376\377\0005\000.\0001\000.\0001\000.\0001\000\040\000I\000T\000E\000R\000A\000T\000O\000R\000\040\000F\000O\000R\000\040\000T\000H\000R\000E\000A\000D\000\040\000L\000I\000S\000T\000I\000N\000G}{subsection.5.1.1}% 12
\BOOKMARK [2][-]{subsection.5.1.2}{\376\377\0005\000.\0001\000.\0002\000\040\000C\000o\000n\000s\000t\000r\000u\000c\000t\000o\000r\000\040\000\046\000\040\000D\000e\000s\000t\000r\000u\000c\000t\000o\000r\000\040\000D\000o\000c\000u\000m\000e\000n\000t\000a\000t\000i\000o\000n}{section.5.1}% 13
\BOOKMARK [3][-]{subsubsection.5.1.2.1}{\376\377\0005\000.\0001\000.\0002\000.\0001\000\040\000a\000i\000t\000e\000r\000a\000t\000o\000r\000\050\000\051\000\040\000[\0001\000/\0002\000]}{subsection.5.1.2}% 14
\BOOKMARK [3][-]{subsubsection.5.1.2.2}{\376\377\0005\000.\0001\000.\0002\000.\0002\000\040\000a\000i\000t\000e\000r\000a\000t\000o\000r\000\050\000\051\000\040\000[\0002\000/\0002\000]}{subsection.5.1.2}% 15
\BOOKMARK [2][-]{subsection.5.1.3}{\376\377\0005\000.\0001\000.\0003\000\040\000M\000e\000m\000b\000e\000r\000\040\000F\000u\000n\000c\000t\000i\000o\000n\000\040\000D\000o\000c\000u\000m\000e\000n\000t\000a\000t\000i\000o\000n}{section.5.1}% 16
\BOOKMARK [3][-]{subsubsection.5.1.3.1}{\376\377\0005\000.\0001\000.\0003\000.\0001\000\040\000o\000p\000e\000r\000a\000t\000o\000r\000*\000\050\000\051}{subsection.5.1.3}% 17
\BOOKMARK [3][-]{subsubsection.5.1.3.2}{\376\377\0005\000.\0001\000.\0003\000.\0002\000\040\000o\000p\000e\000r\000a\000t\000o\000r\000+\000+\000\050\000\051}{subsection.5.1.3}% 18
\BOOKMARK [3][-]{subsubsection.5.1.3.3}{\376\377\0005\000.\0001\000.\0003\000.\0003\000\040\000o\000p\000e\000r\000a\000t\000o\000r\000-\000>\000\050\000\051}{subsection.5.1.3}% 19
\BOOKMARK [2][-]{subsection.5.1.4}{\376\377\0005\000.\0001\000.\0004\000\040\000F\000r\000i\000e\000n\000d\000s\000\040\000A\000n\000d\000\040\000R\000e\000l\000a\000t\000e\000d\000\040\000F\000u\000n\000c\000t\000i\000o\000n\000\040\000D\000o\000c\000u\000m\000e\000n\000t\000a\000t\000i\000o\000n}{section.5.1}% 20
\BOOKMARK [3][-]{subsubsection.5.1.4.1}{\376\377\0005\000.\0001\000.\0004\000.\0001\000\040\000o\000p\000e\000r\000a\000t\000o\000r\000!\000=}{subsection.5.1.4}% 21
\BOOKMARK [3][-]{subsubsection.5.1.4.2}{\376\377\0005\000.\0001\000.\0004\000.\0002\000\040\000o\000p\000e\000r\000a\000t\000o\000r\000=\000=}{subsection.5.1.4}% 22
\BOOKMARK [1][-]{section.5.2}{\376\377\0005\000.\0002\000\040\000t\000h\000r\000e\000a\000d\000:\000:\000a\000t\000o\000m\000i\000c\000x\000\040\000C\000l\000a\000s\000s\000\040\000R\000e\000f\000e\000r\000e\000n\000c\000e}{chapter.5}% 23
\BOOKMARK [2][-]{subsection.5.2.1}{\376\377\0005\000.\0002\000.\0001\000\040\000D\000e\000t\000a\000i\000l\000e\000d\000\040\000D\000e\000s\000c\000r\000i\000p\000t\000i\000o\000n}{section.5.2}% 24
\BOOKMARK [2][-]{subsection.5.2.2}{\376\377\0005\000.\0002\000.\0002\000\040\000M\000e\000m\000b\000e\000r\000\040\000E\000n\000u\000m\000e\000r\000a\000t\000i\000o\000n\000\040\000D\000o\000c\000u\000m\000e\000n\000t\000a\000t\000i\000o\000n}{section.5.2}% 25
\BOOKMARK [3][-]{subsubsection.5.2.2.1}{\376\377\0005\000.\0002\000.\0002\000.\0001\000\040\000a\000S\000u\000b\000T\000y\000p\000e\000s}{subsection.5.2.2}% 26
\BOOKMARK [3][-]{subsubsection.5.2.2.2}{\376\377\0005\000.\0002\000.\0002\000.\0002\000\040\000a\000T\000y\000p\000e\000s}{subsection.5.2.2}% 27
\BOOKMARK [3][-]{subsubsection.5.2.2.3}{\376\377\0005\000.\0002\000.\0002\000.\0003\000\040\000S\000T\000A\000T\000E\000\040\000M\000A\000C\000H\000I\000N\000E\000\040\000T\000Y\000P\000E\000S}{subsection.5.2.2}% 28
\BOOKMARK [3][-]{subsubsection.5.2.2.4}{\376\377\0005\000.\0002\000.\0002\000.\0004\000\040\000N\000o\000t\000i\000f\000y\000T\000y\000p\000e}{subsection.5.2.2}% 29
\BOOKMARK [2][-]{subsection.5.2.3}{\376\377\0005\000.\0002\000.\0003\000\040\000C\000o\000n\000s\000t\000r\000u\000c\000t\000o\000r\000\040\000\046\000\040\000D\000e\000s\000t\000r\000u\000c\000t\000o\000r\000\040\000D\000o\000c\000u\000m\000e\000n\000t\000a\000t\000i\000o\000n}{section.5.2}% 30
\BOOKMARK [3][-]{subsubsection.5.2.3.1}{\376\377\0005\000.\0002\000.\0003\000.\0001\000\040\000\040\000a\000t\000o\000m\000i\000c\000x\000\050\000\051}{subsection.5.2.3}% 31
\BOOKMARK [3][-]{subsubsection.5.2.3.2}{\376\377\0005\000.\0002\000.\0003\000.\0002\000\040\000a\000t\000o\000m\000i\000c\000x\000\050\000\051\000\040\000[\0001\000/\0002\000]}{subsection.5.2.3}% 32
\BOOKMARK [3][-]{subsubsection.5.2.3.3}{\376\377\0005\000.\0002\000.\0003\000.\0003\000\040\000a\000t\000o\000m\000i\000c\000x\000\050\000\051\000\040\000[\0002\000/\0002\000]}{subsection.5.2.3}% 33
\BOOKMARK [2][-]{subsection.5.2.4}{\376\377\0005\000.\0002\000.\0004\000\040\000M\000e\000m\000b\000e\000r\000\040\000F\000u\000n\000c\000t\000i\000o\000n\000\040\000D\000o\000c\000u\000m\000e\000n\000t\000a\000t\000i\000o\000n}{section.5.2}% 34
\BOOKMARK [3][-]{subsubsection.5.2.4.1}{\376\377\0005\000.\0002\000.\0004\000.\0001\000\040\000b\000e\000g\000i\000n\000\050\000\051}{subsection.5.2.4}% 35
\BOOKMARK [3][-]{subsubsection.5.2.4.2}{\376\377\0005\000.\0002\000.\0004\000.\0002\000\040\000B\000r\000o\000k\000e\000r\000H\000a\000n\000d\000l\000e\000r\000\050\000\051}{subsection.5.2.4}% 36
\BOOKMARK [3][-]{subsubsection.5.2.4.3}{\376\377\0005\000.\0002\000.\0004\000.\0003\000\040\000e\000n\000d\000\050\000\051}{subsection.5.2.4}% 37
\BOOKMARK [3][-]{subsubsection.5.2.4.4}{\376\377\0005\000.\0002\000.\0004\000.\0004\000\040\000f\000i\000n\000i\000s\000h\000\050\000\051}{subsection.5.2.4}% 38
\BOOKMARK [3][-]{subsubsection.5.2.4.5}{\376\377\0005\000.\0002\000.\0004\000.\0005\000\040\000G\000e\000t\000C\000u\000r\000r\000e\000n\000t\000\050\000\051}{subsection.5.2.4}% 39
\BOOKMARK [3][-]{subsubsection.5.2.4.6}{\376\377\0005\000.\0002\000.\0004\000.\0006\000\040\000G\000e\000t\000C\000u\000r\000r\000e\000n\000t\000T\000i\000c\000k\000\050\000\051}{subsection.5.2.4}% 40
\BOOKMARK [3][-]{subsubsection.5.2.4.7}{\376\377\0005\000.\0002\000.\0004\000.\0007\000\040\000G\000e\000t\000I\000D\000\050\000\051}{subsection.5.2.4}% 41
\BOOKMARK [3][-]{subsubsection.5.2.4.8}{\376\377\0005\000.\0002\000.\0004\000.\0008\000\040\000G\000e\000t\000L\000a\000s\000t\000U\000s\000e\000r\000E\000x\000e\000c\000T\000i\000m\000e\000\050\000\051}{subsection.5.2.4}% 42
\BOOKMARK [3][-]{subsubsection.5.2.4.9}{\376\377\0005\000.\0002\000.\0004\000.\0009\000\040\000G\000e\000t\000N\000a\000m\000e\000\050\000\051}{subsection.5.2.4}% 43
\BOOKMARK [3][-]{subsubsection.5.2.4.10}{\376\377\0005\000.\0002\000.\0004\000.\0001\0000\000\040\000G\000e\000t\000N\000i\000c\000e\000\050\000\051}{subsection.5.2.4}% 44
\BOOKMARK [3][-]{subsubsection.5.2.4.11}{\376\377\0005\000.\0002\000.\0004\000.\0001\0001\000\040\000G\000e\000t\000R\000e\000f\000e\000r\000e\000n\000c\000e\000L\000o\000c\000k\000\050\000\051}{subsection.5.2.4}% 45
\BOOKMARK [3][-]{subsubsection.5.2.4.12}{\376\377\0005\000.\0002\000.\0004\000.\0001\0002\000\040\000G\000e\000t\000S\000t\000a\000c\000k\000I\000n\000c\000r\000e\000a\000s\000e\000P\000a\000c\000e\000\050\000\051}{subsection.5.2.4}% 46
\BOOKMARK [3][-]{subsubsection.5.2.4.13}{\376\377\0005\000.\0002\000.\0004\000.\0001\0003\000\040\000G\000e\000t\000S\000t\000a\000c\000k\000S\000i\000z\000e\000\050\000\051}{subsection.5.2.4}% 47
\BOOKMARK [3][-]{subsubsection.5.2.4.14}{\376\377\0005\000.\0002\000.\0004\000.\0001\0004\000\040\000G\000e\000t\000S\000t\000a\000t\000u\000s\000\050\000\051}{subsection.5.2.4}% 48
\BOOKMARK [3][-]{subsubsection.5.2.4.15}{\376\377\0005\000.\0002\000.\0004\000.\0001\0005\000\040\000G\000e\000t\000S\000u\000b\000S\000t\000a\000t\000u\000s\000\050\000\051}{subsection.5.2.4}% 49
\BOOKMARK [3][-]{subsubsection.5.2.4.16}{\376\377\0005\000.\0002\000.\0004\000.\0001\0006\000\040\000G\000e\000t\000T\000a\000g\000L\000o\000c\000k\000\050\000\051}{subsection.5.2.4}% 50
\BOOKMARK [3][-]{subsubsection.5.2.4.17}{\376\377\0005\000.\0002\000.\0004\000.\0001\0007\000\040\000G\000e\000t\000T\000a\000r\000g\000e\000t\000T\000i\000m\000e\000\050\000\051}{subsection.5.2.4}% 51
\BOOKMARK [3][-]{subsubsection.5.2.4.18}{\376\377\0005\000.\0002\000.\0004\000.\0001\0008\000\040\000G\000e\000t\000T\000o\000p\000i\000c\000I\000D\000\050\000\051}{subsection.5.2.4}% 52
\BOOKMARK [3][-]{subsubsection.5.2.4.19}{\376\377\0005\000.\0002\000.\0004\000.\0001\0009\000\040\000G\000e\000t\000U\000s\000e\000d\000S\000t\000a\000c\000k\000S\000i\000z\000e\000\050\000\051}{subsection.5.2.4}% 53
\BOOKMARK [3][-]{subsubsection.5.2.4.20}{\376\377\0005\000.\0002\000.\0004\000.\0002\0000\000\040\000H\000a\000s\000S\000u\000b\000s\000c\000r\000i\000p\000t\000i\000o\000n\000s\000\050\000\051\000\040\000[\0001\000/\0002\000]}{subsection.5.2.4}% 54
\BOOKMARK [3][-]{subsubsection.5.2.4.21}{\376\377\0005\000.\0002\000.\0004\000.\0002\0001\000\040\000H\000a\000s\000S\000u\000b\000s\000c\000r\000i\000p\000t\000i\000o\000n\000s\000\050\000\051\000\040\000[\0002\000/\0002\000]}{subsection.5.2.4}% 55
\BOOKMARK [3][-]{subsubsection.5.2.4.22}{\376\377\0005\000.\0002\000.\0004\000.\0002\0002\000\040\000H\000a\000s\000W\000a\000i\000t\000i\000n\000g\000s\000\050\000\051}{subsection.5.2.4}% 56
\BOOKMARK [3][-]{subsubsection.5.2.4.23}{\376\377\0005\000.\0002\000.\0004\000.\0002\0003\000\040\000I\000s\000D\000y\000n\000a\000m\000i\000c\000N\000i\000c\000e\000O\000n\000\050\000\051}{subsection.5.2.4}% 57
\BOOKMARK [3][-]{subsubsection.5.2.4.24}{\376\377\0005\000.\0002\000.\0004\000.\0002\0004\000\040\000I\000s\000S\000t\000a\000c\000k\000S\000e\000l\000f\000M\000a\000n\000a\000g\000e\000d\000\050\000\051}{subsection.5.2.4}% 58
\BOOKMARK [3][-]{subsubsection.5.2.4.25}{\376\377\0005\000.\0002\000.\0004\000.\0002\0005\000\040\000I\000s\000S\000u\000b\000s\000c\000r\000i\000b\000e\000d\000\050\000\051}{subsection.5.2.4}% 59
\BOOKMARK [3][-]{subsubsection.5.2.4.26}{\376\377\0005\000.\0002\000.\0004\000.\0002\0006\000\040\000I\000s\000W\000a\000i\000t\000i\000n\000g\000\050\000\051}{subsection.5.2.4}% 60
\BOOKMARK [3][-]{subsubsection.5.2.4.27}{\376\377\0005\000.\0002\000.\0004\000.\0002\0007\000\040\000L\000o\000o\000k\000F\000o\000r\000W\000a\000i\000t\000i\000n\000g\000s\000\050\000\051\000\040\000[\0001\000/\0002\000]}{subsection.5.2.4}% 61
\BOOKMARK [3][-]{subsubsection.5.2.4.28}{\376\377\0005\000.\0002\000.\0004\000.\0002\0008\000\040\000L\000o\000o\000k\000F\000o\000r\000W\000a\000i\000t\000i\000n\000g\000s\000\050\000\051\000\040\000[\0002\000/\0002\000]}{subsection.5.2.4}% 62
\BOOKMARK [3][-]{subsubsection.5.2.4.29}{\376\377\0005\000.\0002\000.\0004\000.\0002\0009\000\040\000S\000M\000A\000R\000T\000\040\000W\000A\000I\000T\000/\000N\000O\000T\000I\000F\000Y\000\040\000I\000M\000P\000L\000E\000M\000E\000N\000T\000A\000T\000I\000O\000N}{subsection.5.2.4}% 63
\BOOKMARK [3][-]{subsubsection.5.2.4.30}{\376\377\0005\000.\0002\000.\0004\000.\0003\0000\000\040\000N\000o\000t\000i\000f\000y\000\050\000\051\000\040\000[\0001\000/\0003\000]}{subsection.5.2.4}% 64
\BOOKMARK [3][-]{subsubsection.5.2.4.31}{\376\377\0005\000.\0002\000.\0004\000.\0003\0001\000\040\000N\000o\000t\000i\000f\000y\000\050\000\051\000\040\000[\0002\000/\0003\000]}{subsection.5.2.4}% 65
\BOOKMARK [3][-]{subsubsection.5.2.4.32}{\376\377\0005\000.\0002\000.\0004\000.\0003\0002\000\040\000N\000o\000t\000i\000f\000y\000\050\000\051\000\040\000[\0003\000/\0003\000]}{subsection.5.2.4}% 66
\BOOKMARK [3][-]{subsubsection.5.2.4.33}{\376\377\0005\000.\0002\000.\0004\000.\0003\0003\000\040\000P\000u\000b\000l\000i\000s\000h\000\050\000\051\000\040\000[\0001\000/\0002\000]}{subsection.5.2.4}% 67
\BOOKMARK [3][-]{subsubsection.5.2.4.34}{\376\377\0005\000.\0002\000.\0004\000.\0003\0004\000\040\000P\000u\000b\000l\000i\000s\000h\000\050\000\051\000\040\000[\0002\000/\0002\000]}{subsection.5.2.4}% 68
\BOOKMARK [3][-]{subsubsection.5.2.4.35}{\376\377\0005\000.\0002\000.\0004\000.\0003\0005\000\040\000r\000u\000n\000\050\000\051}{subsection.5.2.4}% 69
\BOOKMARK [3][-]{subsubsection.5.2.4.36}{\376\377\0005\000.\0002\000.\0004\000.\0003\0006\000\040\000S\000a\000f\000e\000N\000o\000t\000i\000f\000y\000\050\000\051\000\040\000[\0001\000/\0002\000]}{subsection.5.2.4}% 70
\BOOKMARK [3][-]{subsubsection.5.2.4.37}{\376\377\0005\000.\0002\000.\0004\000.\0003\0007\000\040\000S\000a\000f\000e\000N\000o\000t\000i\000f\000y\000\050\000\051\000\040\000[\0002\000/\0002\000]}{subsection.5.2.4}% 71
\BOOKMARK [3][-]{subsubsection.5.2.4.38}{\376\377\0005\000.\0002\000.\0004\000.\0003\0008\000\040\000S\000a\000f\000e\000P\000u\000b\000l\000i\000s\000h\000\050\000\051\000\040\000[\0001\000/\0002\000]}{subsection.5.2.4}% 72
\BOOKMARK [3][-]{subsubsection.5.2.4.39}{\376\377\0005\000.\0002\000.\0004\000.\0003\0009\000\040\000S\000a\000f\000e\000P\000u\000b\000l\000i\000s\000h\000\050\000\051\000\040\000[\0002\000/\0002\000]}{subsection.5.2.4}% 73
\BOOKMARK [3][-]{subsubsection.5.2.4.40}{\376\377\0005\000.\0002\000.\0004\000.\0004\0000\000\040\000S\000e\000t\000D\000y\000n\000a\000m\000i\000c\000N\000i\000c\000e\000\050\000\051}{subsection.5.2.4}% 74
\BOOKMARK [3][-]{subsubsection.5.2.4.41}{\376\377\0005\000.\0002\000.\0004\000.\0004\0001\000\040\000S\000e\000t\000N\000i\000c\000e\000\050\000\051}{subsection.5.2.4}% 75
\BOOKMARK [3][-]{subsubsection.5.2.4.42}{\376\377\0005\000.\0002\000.\0004\000.\0004\0002\000\040\000S\000e\000t\000S\000t\000a\000c\000k\000I\000n\000c\000r\000e\000a\000s\000e\000P\000a\000c\000e\000\050\000\051}{subsection.5.2.4}% 76
\BOOKMARK [3][-]{subsubsection.5.2.4.43}{\376\377\0005\000.\0002\000.\0004\000.\0004\0003\000\040\000S\000t\000a\000c\000k\000O\000v\000e\000r\000f\000l\000o\000w\000H\000a\000n\000d\000l\000e\000r\000\050\000\051}{subsection.5.2.4}% 77
\BOOKMARK [3][-]{subsubsection.5.2.4.44}{\376\377\0005\000.\0002\000.\0004\000.\0004\0004\000\040\000S\000t\000a\000r\000t\000\050\000\051}{subsection.5.2.4}% 78
\BOOKMARK [3][-]{subsubsection.5.2.4.45}{\376\377\0005\000.\0002\000.\0004\000.\0004\0005\000\040\000S\000y\000n\000c\000N\000o\000t\000i\000f\000y\000\050\000\051\000\040\000[\0001\000/\0003\000]}{subsection.5.2.4}% 79
\BOOKMARK [3][-]{subsubsection.5.2.4.46}{\376\377\0005\000.\0002\000.\0004\000.\0004\0006\000\040\000S\000y\000n\000c\000N\000o\000t\000i\000f\000y\000\050\000\051\000\040\000[\0002\000/\0003\000]}{subsection.5.2.4}% 80
\BOOKMARK [3][-]{subsubsection.5.2.4.47}{\376\377\0005\000.\0002\000.\0004\000.\0004\0007\000\040\000S\000y\000n\000c\000N\000o\000t\000i\000f\000y\000\050\000\051\000\040\000[\0003\000/\0003\000]}{subsection.5.2.4}% 81
\BOOKMARK [3][-]{subsubsection.5.2.4.48}{\376\377\0005\000.\0002\000.\0004\000.\0004\0008\000\040\000W\000a\000i\000t\000\050\000\051\000\040\000[\0001\000/\0002\000]}{subsection.5.2.4}% 82
\BOOKMARK [3][-]{subsubsection.5.2.4.49}{\376\377\0005\000.\0002\000.\0004\000.\0004\0009\000\040\000W\000a\000i\000t\000\050\000\051\000\040\000[\0002\000/\0002\000]}{subsection.5.2.4}% 83
\BOOKMARK [3][-]{subsubsection.5.2.4.50}{\376\377\0005\000.\0002\000.\0004\000.\0005\0000\000\040\000W\000a\000i\000t\000B\000r\000o\000k\000e\000r\000M\000e\000s\000s\000a\000g\000e\000\050\000\051\000\040\000[\0001\000/\0002\000]}{subsection.5.2.4}% 84
\BOOKMARK [3][-]{subsubsection.5.2.4.51}{\376\377\0005\000.\0002\000.\0004\000.\0005\0001\000\040\000W\000a\000i\000t\000B\000r\000o\000k\000e\000r\000M\000e\000s\000s\000a\000g\000e\000\050\000\051\000\040\000[\0002\000/\0002\000]}{subsection.5.2.4}% 85
\BOOKMARK [3][-]{subsubsection.5.2.4.52}{\376\377\0005\000.\0002\000.\0004\000.\0005\0002\000\040\000S\000M\000A\000R\000T\000\040\000B\000R\000O\000K\000E\000R\000\040\000I\000M\000P\000L\000E\000M\000E\000N\000T\000A\000T\000I\000O\000N}{subsection.5.2.4}% 86
\BOOKMARK [3][-]{subsubsection.5.2.4.53}{\376\377\0005\000.\0002\000.\0004\000.\0005\0003\000\040\000Y\000i\000e\000l\000d\000\050\000\051}{subsection.5.2.4}% 87
\BOOKMARK [3][-]{subsubsection.5.2.4.54}{\376\377\0005\000.\0002\000.\0004\000.\0005\0004\000\040\000Y\000i\000e\000l\000d\000N\000o\000w\000\050\000\051}{subsection.5.2.4}% 88
\BOOKMARK [2][-]{subsection.5.2.5}{\376\377\0005\000.\0002\000.\0005\000\040\000F\000i\000e\000l\000d\000\040\000D\000o\000c\000u\000m\000e\000n\000t\000a\000t\000i\000o\000n}{section.5.2}% 89
\BOOKMARK [3][-]{subsubsection.5.2.5.1}{\376\377\0005\000.\0002\000.\0005\000.\0001\000\040\000a\000u\000t\000o\000S\000t\000a\000c\000k}{subsection.5.2.5}% 90
\BOOKMARK [3][-]{subsubsection.5.2.5.2}{\376\377\0005\000.\0002\000.\0005\000.\0002\000\040\000d\000y\000n\000a\000m\000i\000c\000N\000i\000c\000e}{subsection.5.2.5}% 91
\BOOKMARK [1][-]{section.5.3}{\376\377\0005\000.\0003\000\040\000t\000h\000r\000e\000a\000d\000:\000:\000a\000t\000o\000m\000i\000c\000x\000:\000:\000M\000e\000s\000s\000a\000g\000e\000\040\000S\000t\000r\000u\000c\000t\000\040\000R\000e\000f\000e\000r\000e\000n\000c\000e}{chapter.5}% 92
\BOOKMARK [2][-]{subsection.5.3.1}{\376\377\0005\000.\0003\000.\0001\000\040\000D\000e\000t\000a\000i\000l\000e\000d\000\040\000D\000e\000s\000c\000r\000i\000p\000t\000i\000o\000n}{section.5.3}% 93
\BOOKMARK [2][-]{subsection.5.3.2}{\376\377\0005\000.\0003\000.\0002\000\040\000F\000i\000e\000l\000d\000\040\000D\000o\000c\000u\000m\000e\000n\000t\000a\000t\000i\000o\000n}{section.5.3}% 94
\BOOKMARK [3][-]{subsubsection.5.3.2.1}{\376\377\0005\000.\0003\000.\0002\000.\0001\000\040\000m\000e\000s\000s\000a\000g\000e}{subsection.5.3.2}% 95
\BOOKMARK [3][-]{subsubsection.5.3.2.2}{\376\377\0005\000.\0003\000.\0002\000.\0002\000\040\000t\000a\000g}{subsection.5.3.2}% 96
\BOOKMARK [1][-]{section.5.4}{\376\377\0005\000.\0004\000\040\000t\000h\000r\000e\000a\000d\000:\000:\000a\000t\000o\000m\000i\000c\000x\000:\000:\000m\000u\000t\000e\000x\000\040\000C\000l\000a\000s\000s\000\040\000R\000e\000f\000e\000r\000e\000n\000c\000e}{chapter.5}% 97
\BOOKMARK [2][-]{subsection.5.4.1}{\376\377\0005\000.\0004\000.\0001\000\040\000D\000e\000t\000a\000i\000l\000e\000d\000\040\000D\000e\000s\000c\000r\000i\000p\000t\000i\000o\000n}{section.5.4}% 98
\BOOKMARK [3][-]{subsubsection.5.4.1.1}{\376\377\0005\000.\0004\000.\0001\000.\0001\000\040\000S\000M\000A\000R\000T\000\040\000L\000O\000C\000K\000\040\000I\000M\000P\000L\000E\000M\000E\000N\000T\000A\000T\000I\000O\000N}{subsection.5.4.1}% 99
\BOOKMARK [2][-]{subsection.5.4.2}{\376\377\0005\000.\0004\000.\0002\000\040\000M\000e\000m\000b\000e\000r\000\040\000F\000u\000n\000c\000t\000i\000o\000n\000\040\000D\000o\000c\000u\000m\000e\000n\000t\000a\000t\000i\000o\000n}{section.5.4}% 100
\BOOKMARK [3][-]{subsubsection.5.4.2.1}{\376\377\0005\000.\0004\000.\0002\000.\0001\000\040\000I\000s\000L\000o\000c\000k\000e\000d\000\050\000\051}{subsection.5.4.2}% 101
\BOOKMARK [3][-]{subsubsection.5.4.2.2}{\376\377\0005\000.\0004\000.\0002\000.\0002\000\040\000I\000s\000S\000h\000a\000r\000e\000d\000\050\000\051}{subsection.5.4.2}% 102
\BOOKMARK [3][-]{subsubsection.5.4.2.3}{\376\377\0005\000.\0004\000.\0002\000.\0003\000\040\000L\000o\000c\000k\000\050\000\051}{subsection.5.4.2}% 103
\BOOKMARK [3][-]{subsubsection.5.4.2.4}{\376\377\0005\000.\0004\000.\0002\000.\0004\000\040\000S\000h\000a\000r\000e\000d\000L\000o\000c\000k\000\050\000\051}{subsection.5.4.2}% 104
\BOOKMARK [3][-]{subsubsection.5.4.2.5}{\376\377\0005\000.\0004\000.\0002\000.\0005\000\040\000S\000h\000a\000r\000e\000d\000U\000n\000l\000o\000c\000k\000\050\000\051}{subsection.5.4.2}% 105
\BOOKMARK [3][-]{subsubsection.5.4.2.6}{\376\377\0005\000.\0004\000.\0002\000.\0006\000\040\000U\000n\000l\000o\000c\000k\000\050\000\051}{subsection.5.4.2}% 106
\BOOKMARK [1][-]{section.5.5}{\376\377\0005\000.\0005\000\040\000t\000h\000r\000e\000a\000d\000:\000:\000a\000t\000o\000m\000i\000c\000x\000:\000:\000q\000u\000e\000u\000e\000<\000\040\000T\000\040\000>\000:\000:\000Q\000I\000t\000e\000m\000\040\000C\000l\000a\000s\000s\000\040\000R\000e\000f\000e\000r\000e\000n\000c\000e}{chapter.5}% 107
\BOOKMARK [2][-]{subsection.5.5.1}{\376\377\0005\000.\0005\000.\0001\000\040\000D\000e\000t\000a\000i\000l\000e\000d\000\040\000D\000e\000s\000c\000r\000i\000p\000t\000i\000o\000n}{section.5.5}% 108
\BOOKMARK [2][-]{subsection.5.5.2}{\376\377\0005\000.\0005\000.\0002\000\040\000C\000o\000n\000s\000t\000r\000u\000c\000t\000o\000r\000\040\000\046\000\040\000D\000e\000s\000t\000r\000u\000c\000t\000o\000r\000\040\000D\000o\000c\000u\000m\000e\000n\000t\000a\000t\000i\000o\000n}{section.5.5}% 109
\BOOKMARK [3][-]{subsubsection.5.5.2.1}{\376\377\0005\000.\0005\000.\0002\000.\0001\000\040\000Q\000I\000t\000e\000m\000\050\000\051\000\040\000[\0001\000/\0002\000]}{subsection.5.5.2}% 110
\BOOKMARK [3][-]{subsubsection.5.5.2.2}{\376\377\0005\000.\0005\000.\0002\000.\0002\000\040\000Q\000I\000t\000e\000m\000\050\000\051\000\040\000[\0002\000/\0002\000]}{subsection.5.5.2}% 111
\BOOKMARK [2][-]{subsection.5.5.3}{\376\377\0005\000.\0005\000.\0003\000\040\000M\000e\000m\000b\000e\000r\000\040\000F\000u\000n\000c\000t\000i\000o\000n\000\040\000D\000o\000c\000u\000m\000e\000n\000t\000a\000t\000i\000o\000n}{section.5.5}% 112
\BOOKMARK [3][-]{subsubsection.5.5.3.1}{\376\377\0005\000.\0005\000.\0003\000.\0001\000\040\000G\000e\000t\000I\000t\000e\000m\000\050\000\051}{subsection.5.5.3}% 113
\BOOKMARK [3][-]{subsubsection.5.5.3.2}{\376\377\0005\000.\0005\000.\0003\000.\0002\000\040\000G\000e\000t\000N\000e\000x\000t\000\050\000\051}{subsection.5.5.3}% 114
\BOOKMARK [3][-]{subsubsection.5.5.3.3}{\376\377\0005\000.\0005\000.\0003\000.\0003\000\040\000S\000e\000t\000N\000e\000x\000t\000\050\000\051}{subsection.5.5.3}% 115
\BOOKMARK [2][-]{subsection.5.5.4}{\376\377\0005\000.\0005\000.\0004\000\040\000F\000r\000i\000e\000n\000d\000s\000\040\000A\000n\000d\000\040\000R\000e\000l\000a\000t\000e\000d\000\040\000F\000u\000n\000c\000t\000i\000o\000n\000\040\000D\000o\000c\000u\000m\000e\000n\000t\000a\000t\000i\000o\000n}{section.5.5}% 116
\BOOKMARK [3][-]{subsubsection.5.5.4.1}{\376\377\0005\000.\0005\000.\0004\000.\0001\000\040\000q\000u\000e\000u\000e}{subsection.5.5.4}% 117
\BOOKMARK [1][-]{section.5.6}{\376\377\0005\000.\0006\000\040\000t\000h\000r\000e\000a\000d\000:\000:\000a\000t\000o\000m\000i\000c\000x\000:\000:\000q\000u\000e\000u\000e\000<\000\040\000T\000\040\000>\000\040\000C\000l\000a\000s\000s\000\040\000T\000e\000m\000p\000l\000a\000t\000e\000\040\000R\000e\000f\000e\000r\000e\000n\000c\000e}{chapter.5}% 118
\BOOKMARK [2][-]{subsection.5.6.1}{\376\377\0005\000.\0006\000.\0001\000\040\000D\000e\000t\000a\000i\000l\000e\000d\000\040\000D\000e\000s\000c\000r\000i\000p\000t\000i\000o\000n}{section.5.6}% 119
\BOOKMARK [3][-]{subsubsection.5.6.1.1}{\376\377\0005\000.\0006\000.\0001\000.\0001\000\040\000Q\000U\000E\000U\000E\000\040\000F\000O\000R\000\040\000I\000P\000C\000\040\000I\000M\000P\000L\000E\000M\000E\000N\000T\000A\000T\000I\000O\000N}{subsection.5.6.1}% 120
\BOOKMARK [2][-]{subsection.5.6.2}{\376\377\0005\000.\0006\000.\0002\000\040\000C\000o\000n\000s\000t\000r\000u\000c\000t\000o\000r\000\040\000\046\000\040\000D\000e\000s\000t\000r\000u\000c\000t\000o\000r\000\040\000D\000o\000c\000u\000m\000e\000n\000t\000a\000t\000i\000o\000n}{section.5.6}% 121
\BOOKMARK [3][-]{subsubsection.5.6.2.1}{\376\377\0005\000.\0006\000.\0002\000.\0001\000\040\000q\000u\000e\000u\000e\000\050\000\051\000\040\000[\0001\000/\0002\000]}{subsection.5.6.2}% 122
\BOOKMARK [3][-]{subsubsection.5.6.2.2}{\376\377\0005\000.\0006\000.\0002\000.\0002\000\040\000q\000u\000e\000u\000e\000\050\000\051\000\040\000[\0002\000/\0002\000]}{subsection.5.6.2}% 123
\BOOKMARK [2][-]{subsection.5.6.3}{\376\377\0005\000.\0006\000.\0003\000\040\000M\000e\000m\000b\000e\000r\000\040\000F\000u\000n\000c\000t\000i\000o\000n\000\040\000D\000o\000c\000u\000m\000e\000n\000t\000a\000t\000i\000o\000n}{section.5.6}% 124
\BOOKMARK [3][-]{subsubsection.5.6.3.1}{\376\377\0005\000.\0006\000.\0003\000.\0001\000\040\000G\000e\000t\000M\000a\000x\000S\000i\000z\000e\000\050\000\051}{subsection.5.6.3}% 125
\BOOKMARK [3][-]{subsubsection.5.6.3.2}{\376\377\0005\000.\0006\000.\0003\000.\0002\000\040\000G\000e\000t\000S\000i\000z\000e\000\050\000\051}{subsection.5.6.3}% 126
\BOOKMARK [3][-]{subsubsection.5.6.3.3}{\376\377\0005\000.\0006\000.\0003\000.\0003\000\040\000I\000s\000F\000u\000l\000l\000\050\000\051}{subsection.5.6.3}% 127
\BOOKMARK [3][-]{subsubsection.5.6.3.4}{\376\377\0005\000.\0006\000.\0003\000.\0004\000\040\000P\000o\000p\000\050\000\051}{subsection.5.6.3}% 128
\BOOKMARK [3][-]{subsubsection.5.6.3.5}{\376\377\0005\000.\0006\000.\0003\000.\0005\000\040\000P\000u\000s\000h\000B\000a\000c\000k\000\050\000\051}{subsection.5.6.3}% 129
\BOOKMARK [3][-]{subsubsection.5.6.3.6}{\376\377\0005\000.\0006\000.\0003\000.\0006\000\040\000P\000u\000s\000h\000F\000r\000o\000n\000t\000\050\000\051}{subsection.5.6.3}% 130
\BOOKMARK [1][-]{section.5.7}{\376\377\0005\000.\0007\000\040\000t\000h\000r\000e\000a\000d\000:\000:\000a\000t\000o\000m\000i\000c\000x\000:\000:\000s\000e\000m\000a\000p\000h\000o\000r\000e\000\040\000C\000l\000a\000s\000s\000\040\000R\000e\000f\000e\000r\000e\000n\000c\000e}{chapter.5}% 131
\BOOKMARK [2][-]{subsection.5.7.1}{\376\377\0005\000.\0007\000.\0001\000\040\000D\000e\000t\000a\000i\000l\000e\000d\000\040\000D\000e\000s\000c\000r\000i\000p\000t\000i\000o\000n}{section.5.7}% 132
\BOOKMARK [3][-]{subsubsection.5.7.1.1}{\376\377\0005\000.\0007\000.\0001\000.\0001\000\040\000S\000E\000M\000A\000P\000H\000O\000R\000E\000S\000\040\000I\000M\000P\000L\000E\000M\000E\000N\000T\000A\000T\000I\000O\000N}{subsection.5.7.1}% 133
\BOOKMARK [2][-]{subsection.5.7.2}{\376\377\0005\000.\0007\000.\0002\000\040\000C\000o\000n\000s\000t\000r\000u\000c\000t\000o\000r\000\040\000\046\000\040\000D\000e\000s\000t\000r\000u\000c\000t\000o\000r\000\040\000D\000o\000c\000u\000m\000e\000n\000t\000a\000t\000i\000o\000n}{section.5.7}% 134
\BOOKMARK [3][-]{subsubsection.5.7.2.1}{\376\377\0005\000.\0007\000.\0002\000.\0001\000\040\000s\000e\000m\000a\000p\000h\000o\000r\000e\000\050\000\051}{subsection.5.7.2}% 135
\BOOKMARK [2][-]{subsection.5.7.3}{\376\377\0005\000.\0007\000.\0003\000\040\000M\000e\000m\000b\000e\000r\000\040\000F\000u\000n\000c\000t\000i\000o\000n\000\040\000D\000o\000c\000u\000m\000e\000n\000t\000a\000t\000i\000o\000n}{section.5.7}% 136
\BOOKMARK [3][-]{subsubsection.5.7.3.1}{\376\377\0005\000.\0007\000.\0003\000.\0001\000\040\000a\000c\000q\000u\000i\000r\000e\000\050\000\051}{subsection.5.7.3}% 137
\BOOKMARK [3][-]{subsubsection.5.7.3.2}{\376\377\0005\000.\0007\000.\0003\000.\0002\000\040\000G\000e\000t\000C\000o\000u\000n\000t\000\050\000\051}{subsection.5.7.3}% 138
\BOOKMARK [3][-]{subsubsection.5.7.3.3}{\376\377\0005\000.\0007\000.\0003\000.\0003\000\040\000G\000e\000t\000M\000a\000x\000\050\000\051}{subsection.5.7.3}% 139
\BOOKMARK [3][-]{subsubsection.5.7.3.4}{\376\377\0005\000.\0007\000.\0003\000.\0004\000\040\000G\000e\000t\000M\000a\000x\000A\000c\000q\000u\000i\000r\000e\000d\000\050\000\051}{subsection.5.7.3}% 140
\BOOKMARK [3][-]{subsubsection.5.7.3.5}{\376\377\0005\000.\0007\000.\0003\000.\0005\000\040\000G\000e\000t\000W\000a\000i\000t\000C\000o\000u\000n\000t\000\050\000\051}{subsection.5.7.3}% 141
\BOOKMARK [3][-]{subsubsection.5.7.3.6}{\376\377\0005\000.\0007\000.\0003\000.\0006\000\040\000r\000e\000l\000e\000a\000s\000e\000\050\000\051}{subsection.5.7.3}% 142
\BOOKMARK [1][-]{section.5.8}{\376\377\0005\000.\0008\000\040\000t\000h\000r\000e\000a\000d\000:\000:\000a\000t\000o\000m\000i\000c\000x\000:\000:\000s\000m\000a\000r\000t\000\137\000p\000t\000r\000<\000\040\000T\000\040\000>\000\040\000C\000l\000a\000s\000s\000\040\000T\000e\000m\000p\000l\000a\000t\000e\000\040\000R\000e\000f\000e\000r\000e\000n\000c\000e}{chapter.5}% 143
\BOOKMARK [2][-]{subsection.5.8.1}{\376\377\0005\000.\0008\000.\0001\000\040\000D\000e\000t\000a\000i\000l\000e\000d\000\040\000D\000e\000s\000c\000r\000i\000p\000t\000i\000o\000n}{section.5.8}% 144
\BOOKMARK [3][-]{subsubsection.5.8.1.1}{\376\377\0005\000.\0008\000.\0001\000.\0001\000\040\000S\000U\000P\000L\000E\000M\000E\000N\000T\000A\000R\000\040\000S\000M\000A\000R\000T\000\137\000P\000T\000R\000\040\000I\000M\000P\000L\000E\000M\000E\000N\000T\000A\000T\000I\000O\000N}{subsection.5.8.1}% 145
\BOOKMARK [2][-]{subsection.5.8.2}{\376\377\0005\000.\0008\000.\0002\000\040\000C\000o\000n\000s\000t\000r\000u\000c\000t\000o\000r\000\040\000\046\000\040\000D\000e\000s\000t\000r\000u\000c\000t\000o\000r\000\040\000D\000o\000c\000u\000m\000e\000n\000t\000a\000t\000i\000o\000n}{section.5.8}% 146
\BOOKMARK [3][-]{subsubsection.5.8.2.1}{\376\377\0005\000.\0008\000.\0002\000.\0001\000\040\000s\000m\000a\000r\000t\000\137\000p\000t\000r\000\050\000\051\000\040\000[\0001\000/\0002\000]}{subsection.5.8.2}% 147
\BOOKMARK [3][-]{subsubsection.5.8.2.2}{\376\377\0005\000.\0008\000.\0002\000.\0002\000\040\000s\000m\000a\000r\000t\000\137\000p\000t\000r\000\050\000\051\000\040\000[\0002\000/\0002\000]}{subsection.5.8.2}% 148
\BOOKMARK [3][-]{subsubsection.5.8.2.3}{\376\377\0005\000.\0008\000.\0002\000.\0003\000\040\000\040\000s\000m\000a\000r\000t\000\137\000p\000t\000r\000\050\000\051}{subsection.5.8.2}% 149
\BOOKMARK [2][-]{subsection.5.8.3}{\376\377\0005\000.\0008\000.\0003\000\040\000M\000e\000m\000b\000e\000r\000\040\000F\000u\000n\000c\000t\000i\000o\000n\000\040\000D\000o\000c\000u\000m\000e\000n\000t\000a\000t\000i\000o\000n}{section.5.8}% 150
\BOOKMARK [3][-]{subsubsection.5.8.3.1}{\376\377\0005\000.\0008\000.\0003\000.\0001\000\040\000G\000e\000t\000R\000e\000f\000C\000o\000u\000n\000t\000e\000r\000\050\000\051}{subsection.5.8.3}% 151
\BOOKMARK [3][-]{subsubsection.5.8.3.2}{\376\377\0005\000.\0008\000.\0003\000.\0002\000\040\000I\000s\000V\000a\000l\000i\000d\000\050\000\051}{subsection.5.8.3}% 152
\BOOKMARK [3][-]{subsubsection.5.8.3.3}{\376\377\0005\000.\0008\000.\0003\000.\0003\000\040\000o\000p\000e\000r\000a\000t\000o\000r\000\046\000\050\000\051}{subsection.5.8.3}% 153
\BOOKMARK [3][-]{subsubsection.5.8.3.4}{\376\377\0005\000.\0008\000.\0003\000.\0004\000\040\000o\000p\000e\000r\000a\000t\000o\000r\000-\000>\000\050\000\051}{subsection.5.8.3}% 154
\BOOKMARK [3][-]{subsubsection.5.8.3.5}{\376\377\0005\000.\0008\000.\0003\000.\0005\000\040\000o\000p\000e\000r\000a\000t\000o\000r\000=\000\050\000\051}{subsection.5.8.3}% 155
\BOOKMARK [1][-]{section.5.9}{\376\377\0005\000.\0009\000\040\000t\000h\000r\000e\000a\000d\000:\000:\000a\000t\000o\000m\000i\000c\000x\000:\000:\000s\000m\000a\000r\000t\000M\000u\000t\000e\000x\000\040\000C\000l\000a\000s\000s\000\040\000R\000e\000f\000e\000r\000e\000n\000c\000e}{chapter.5}% 156
\BOOKMARK [2][-]{subsection.5.9.1}{\376\377\0005\000.\0009\000.\0001\000\040\000D\000e\000t\000a\000i\000l\000e\000d\000\040\000D\000e\000s\000c\000r\000i\000p\000t\000i\000o\000n}{section.5.9}% 157
\BOOKMARK [2][-]{subsection.5.9.2}{\376\377\0005\000.\0009\000.\0002\000\040\000C\000o\000n\000s\000t\000r\000u\000c\000t\000o\000r\000\040\000\046\000\040\000D\000e\000s\000t\000r\000u\000c\000t\000o\000r\000\040\000D\000o\000c\000u\000m\000e\000n\000t\000a\000t\000i\000o\000n}{section.5.9}% 158
\BOOKMARK [3][-]{subsubsection.5.9.2.1}{\376\377\0005\000.\0009\000.\0002\000.\0001\000\040\000s\000m\000a\000r\000t\000M\000u\000t\000e\000x\000\050\000\051\000\040\000[\0001\000/\0002\000]}{subsection.5.9.2}% 159
\BOOKMARK [3][-]{subsubsection.5.9.2.2}{\376\377\0005\000.\0009\000.\0002\000.\0002\000\040\000s\000m\000a\000r\000t\000M\000u\000t\000e\000x\000\050\000\051\000\040\000[\0002\000/\0002\000]}{subsection.5.9.2}% 160
\BOOKMARK [3][-]{subsubsection.5.9.2.3}{\376\377\0005\000.\0009\000.\0002\000.\0003\000\040\000\040\000s\000m\000a\000r\000t\000M\000u\000t\000e\000x\000\050\000\051}{subsection.5.9.2}% 161
\BOOKMARK [2][-]{subsection.5.9.3}{\376\377\0005\000.\0009\000.\0003\000\040\000M\000e\000m\000b\000e\000r\000\040\000F\000u\000n\000c\000t\000i\000o\000n\000\040\000D\000o\000c\000u\000m\000e\000n\000t\000a\000t\000i\000o\000n}{section.5.9}% 162
\BOOKMARK [3][-]{subsubsection.5.9.3.1}{\376\377\0005\000.\0009\000.\0003\000.\0001\000\040\000I\000s\000L\000o\000c\000k\000e\000d\000\050\000\051}{subsection.5.9.3}% 163
\BOOKMARK [3][-]{subsubsection.5.9.3.2}{\376\377\0005\000.\0009\000.\0003\000.\0002\000\040\000I\000s\000S\000h\000a\000r\000e\000d\000\050\000\051}{subsection.5.9.3}% 164
\BOOKMARK [3][-]{subsubsection.5.9.3.3}{\376\377\0005\000.\0009\000.\0003\000.\0003\000\040\000L\000o\000c\000k\000\050\000\051}{subsection.5.9.3}% 165
\BOOKMARK [3][-]{subsubsection.5.9.3.4}{\376\377\0005\000.\0009\000.\0003\000.\0004\000\040\000S\000h\000a\000r\000e\000d\000L\000o\000c\000k\000\050\000\051}{subsection.5.9.3}% 166
\BOOKMARK [1][-]{section.5.10}{\376\377\0005\000.\0001\0000\000\040\000t\000h\000r\000e\000a\000d\000:\000:\000a\000t\000o\000m\000i\000c\000x\000:\000:\000s\000m\000a\000r\000t\000S\000e\000m\000a\000p\000h\000o\000r\000e\000\040\000C\000l\000a\000s\000s\000\040\000R\000e\000f\000e\000r\000e\000n\000c\000e}{chapter.5}% 167
\BOOKMARK [2][-]{subsection.5.10.1}{\376\377\0005\000.\0001\0000\000.\0001\000\040\000D\000e\000t\000a\000i\000l\000e\000d\000\040\000D\000e\000s\000c\000r\000i\000p\000t\000i\000o\000n}{section.5.10}% 168
\BOOKMARK [2][-]{subsection.5.10.2}{\376\377\0005\000.\0001\0000\000.\0002\000\040\000C\000o\000n\000s\000t\000r\000u\000c\000t\000o\000r\000\040\000\046\000\040\000D\000e\000s\000t\000r\000u\000c\000t\000o\000r\000\040\000D\000o\000c\000u\000m\000e\000n\000t\000a\000t\000i\000o\000n}{section.5.10}% 169
\BOOKMARK [3][-]{subsubsection.5.10.2.1}{\376\377\0005\000.\0001\0000\000.\0002\000.\0001\000\040\000s\000m\000a\000r\000t\000S\000e\000m\000a\000p\000h\000o\000r\000e\000\050\000\051\000\040\000[\0001\000/\0002\000]}{subsection.5.10.2}% 170
\BOOKMARK [3][-]{subsubsection.5.10.2.2}{\376\377\0005\000.\0001\0000\000.\0002\000.\0002\000\040\000s\000m\000a\000r\000t\000S\000e\000m\000a\000p\000h\000o\000r\000e\000\050\000\051\000\040\000[\0002\000/\0002\000]}{subsection.5.10.2}% 171
\BOOKMARK [3][-]{subsubsection.5.10.2.3}{\376\377\0005\000.\0001\0000\000.\0002\000.\0003\000\040\000\040\000s\000m\000a\000r\000t\000S\000e\000m\000a\000p\000h\000o\000r\000e\000\050\000\051}{subsection.5.10.2}% 172
\BOOKMARK [2][-]{subsection.5.10.3}{\376\377\0005\000.\0001\0000\000.\0003\000\040\000M\000e\000m\000b\000e\000r\000\040\000F\000u\000n\000c\000t\000i\000o\000n\000\040\000D\000o\000c\000u\000m\000e\000n\000t\000a\000t\000i\000o\000n}{section.5.10}% 173
\BOOKMARK [3][-]{subsubsection.5.10.3.1}{\376\377\0005\000.\0001\0000\000.\0003\000.\0001\000\040\000a\000c\000q\000u\000i\000r\000e\000\050\000\051}{subsection.5.10.3}% 174
\BOOKMARK [3][-]{subsubsection.5.10.3.2}{\376\377\0005\000.\0001\0000\000.\0003\000.\0002\000\040\000G\000e\000t\000C\000o\000u\000n\000t\000\050\000\051}{subsection.5.10.3}% 175
\BOOKMARK [3][-]{subsubsection.5.10.3.3}{\376\377\0005\000.\0001\0000\000.\0003\000.\0003\000\040\000G\000e\000t\000M\000a\000x\000\050\000\051}{subsection.5.10.3}% 176
\BOOKMARK [3][-]{subsubsection.5.10.3.4}{\376\377\0005\000.\0001\0000\000.\0003\000.\0004\000\040\000G\000e\000t\000M\000a\000x\000A\000c\000q\000u\000i\000r\000e\000d\000\050\000\051}{subsection.5.10.3}% 177
\BOOKMARK [3][-]{subsubsection.5.10.3.5}{\376\377\0005\000.\0001\0000\000.\0003\000.\0005\000\040\000G\000e\000t\000W\000a\000i\000t\000C\000o\000u\000n\000t\000\050\000\051}{subsection.5.10.3}% 178
\BOOKMARK [3][-]{subsubsection.5.10.3.6}{\376\377\0005\000.\0001\0000\000.\0003\000.\0006\000\040\000I\000s\000A\000c\000q\000u\000i\000r\000e\000d\000\050\000\051}{subsection.5.10.3}% 179
\BOOKMARK [3][-]{subsubsection.5.10.3.7}{\376\377\0005\000.\0001\0000\000.\0003\000.\0007\000\040\000r\000e\000l\000e\000a\000s\000e\000\050\000\051}{subsection.5.10.3}% 180
\BOOKMARK [1][-]{section.5.11}{\376\377\0005\000.\0001\0001\000\040\000t\000h\000r\000e\000a\000d\000:\000:\000a\000t\000o\000m\000i\000c\000x\000:\000:\000T\000i\000m\000e\000o\000u\000t\000\040\000C\000l\000a\000s\000s\000\040\000R\000e\000f\000e\000r\000e\000n\000c\000e}{chapter.5}% 181
\BOOKMARK [2][-]{subsection.5.11.1}{\376\377\0005\000.\0001\0001\000.\0001\000\040\000D\000e\000t\000a\000i\000l\000e\000d\000\040\000D\000e\000s\000c\000r\000i\000p\000t\000i\000o\000n}{section.5.11}% 182
\BOOKMARK [2][-]{subsection.5.11.2}{\376\377\0005\000.\0001\0001\000.\0002\000\040\000C\000o\000n\000s\000t\000r\000u\000c\000t\000o\000r\000\040\000\046\000\040\000D\000e\000s\000t\000r\000u\000c\000t\000o\000r\000\040\000D\000o\000c\000u\000m\000e\000n\000t\000a\000t\000i\000o\000n}{section.5.11}% 183
\BOOKMARK [3][-]{subsubsection.5.11.2.1}{\376\377\0005\000.\0001\0001\000.\0002\000.\0001\000\040\000T\000i\000m\000e\000o\000u\000t\000\050\000\051\000\040\000[\0001\000/\0002\000]}{subsection.5.11.2}% 184
\BOOKMARK [3][-]{subsubsection.5.11.2.2}{\376\377\0005\000.\0001\0001\000.\0002\000.\0002\000\040\000T\000i\000m\000e\000o\000u\000t\000\050\000\051\000\040\000[\0002\000/\0002\000]}{subsection.5.11.2}% 185
\BOOKMARK [2][-]{subsection.5.11.3}{\376\377\0005\000.\0001\0001\000.\0003\000\040\000M\000e\000m\000b\000e\000r\000\040\000F\000u\000n\000c\000t\000i\000o\000n\000\040\000D\000o\000c\000u\000m\000e\000n\000t\000a\000t\000i\000o\000n}{section.5.11}% 186
\BOOKMARK [3][-]{subsubsection.5.11.3.1}{\376\377\0005\000.\0001\0001\000.\0003\000.\0001\000\040\000G\000e\000t\000D\000u\000r\000a\000t\000i\000o\000n\000S\000i\000n\000c\000e\000\050\000\051}{subsection.5.11.3}% 187
\BOOKMARK [3][-]{subsubsection.5.11.3.2}{\376\377\0005\000.\0001\0001\000.\0003\000.\0002\000\040\000G\000e\000t\000R\000e\000m\000a\000i\000n\000i\000n\000g\000\050\000\051}{subsection.5.11.3}% 188
\BOOKMARK [3][-]{subsubsection.5.11.3.3}{\376\377\0005\000.\0001\0001\000.\0003\000.\0003\000\040\000I\000s\000T\000i\000m\000e\000d\000o\000u\000t\000\050\000\051}{subsection.5.11.3}% 189
\BOOKMARK [3][-]{subsubsection.5.11.3.4}{\376\377\0005\000.\0001\0001\000.\0003\000.\0004\000\040\000S\000e\000t\000\050\000\051}{subsection.5.11.3}% 190
\BOOKMARK [0][-]{chapter.6}{\376\377\0006\000\040\000F\000i\000l\000e\000\040\000D\000o\000c\000u\000m\000e\000n\000t\000a\000t\000i\000o\000n}{}% 191
\BOOKMARK [1][-]{section.6.1}{\376\377\0006\000.\0001\000\040\000a\000t\000o\000m\000i\000c\000x\000/\000a\000t\000o\000m\000i\000c\000x\000.\000c\000p\000p\000\040\000F\000i\000l\000e\000\040\000R\000e\000f\000e\000r\000e\000n\000c\000e}{chapter.6}% 192
\BOOKMARK [2][-]{subsection.6.1.1}{\376\377\0006\000.\0001\000.\0001\000\040\000M\000a\000c\000r\000o\000\040\000D\000e\000f\000i\000n\000i\000t\000i\000o\000n\000\040\000D\000o\000c\000u\000m\000e\000n\000t\000a\000t\000i\000o\000n}{section.6.1}% 193
\BOOKMARK [3][-]{subsubsection.6.1.1.1}{\376\377\0006\000.\0001\000.\0001\000.\0001\000\040\000P\000O\000L\000Y}{subsection.6.1.1}% 194
\BOOKMARK [2][-]{subsection.6.1.2}{\376\377\0006\000.\0001\000.\0002\000\040\000F\000u\000n\000c\000t\000i\000o\000n\000\040\000D\000o\000c\000u\000m\000e\000n\000t\000a\000t\000i\000o\000n}{section.6.1}% 195
\BOOKMARK [3][-]{subsubsection.6.1.2.1}{\376\377\0006\000.\0001\000.\0002\000.\0001\000\040\000y\000i\000e\000l\000d\000\050\000\051}{subsection.6.1.2}% 196
\BOOKMARK [1][-]{section.6.2}{\376\377\0006\000.\0002\000\040\000a\000t\000o\000m\000i\000c\000x\000.\000c\000p\000p}{chapter.6}% 197
\BOOKMARK [1][-]{section.6.3}{\376\377\0006\000.\0003\000\040\000a\000t\000o\000m\000i\000c\000x\000/\000a\000t\000o\000m\000i\000c\000x\000.\000h\000p\000p\000\040\000F\000i\000l\000e\000\040\000R\000e\000f\000e\000r\000e\000n\000c\000e}{chapter.6}% 198
\BOOKMARK [2][-]{subsection.6.3.1}{\376\377\0006\000.\0003\000.\0001\000\040\000M\000a\000c\000r\000o\000\040\000D\000e\000f\000i\000n\000i\000t\000i\000o\000n\000\040\000D\000o\000c\000u\000m\000e\000n\000t\000a\000t\000i\000o\000n}{section.6.3}% 199
\BOOKMARK [3][-]{subsubsection.6.3.1.1}{\376\377\0006\000.\0003\000.\0001\000.\0001\000\040\000A\000T\000O\000M\000I\000C\000\137\000V\000E\000R\000S\000I\000O\000N\000\137\000L\000A\000B\000E\000L}{subsection.6.3.1}% 200
\BOOKMARK [3][-]{subsubsection.6.3.1.2}{\376\377\0006\000.\0003\000.\0001\000.\0002\000\040\000A\000T\000O\000M\000I\000C\000X\000\137\000T\000I\000M\000E\000\137\000M\000A\000X}{subsection.6.3.1}% 201
\BOOKMARK [3][-]{subsubsection.6.3.1.3}{\376\377\0006\000.\0003\000.\0001\000.\0003\000\040\000A\000T\000O\000M\000I\000C\000X\000\137\000V\000E\000R\000S\000I\000O\000N}{subsection.6.3.1}% 202
\BOOKMARK [2][-]{subsection.6.3.2}{\376\377\0006\000.\0003\000.\0002\000\040\000T\000y\000p\000e\000d\000e\000f\000\040\000D\000o\000c\000u\000m\000e\000n\000t\000a\000t\000i\000o\000n}{section.6.3}% 203
\BOOKMARK [3][-]{subsubsection.6.3.2.1}{\376\377\0006\000.\0003\000.\0002\000.\0001\000\040\000a\000t\000o\000m\000i\000c\000x\000\137\000t\000i\000m\000e}{subsection.6.3.2}% 204
\BOOKMARK [2][-]{subsection.6.3.3}{\376\377\0006\000.\0003\000.\0003\000\040\000F\000u\000n\000c\000t\000i\000o\000n\000\040\000D\000o\000c\000u\000m\000e\000n\000t\000a\000t\000i\000o\000n}{section.6.3}% 205
\BOOKMARK [3][-]{subsubsection.6.3.3.1}{\376\377\0006\000.\0003\000.\0003\000.\0001\000\040\000A\000t\000o\000m\000i\000c\000x\000\137\000G\000e\000t\000T\000i\000c\000k\000\050\000\051}{subsection.6.3.3}% 206
\BOOKMARK [3][-]{subsubsection.6.3.3.2}{\376\377\0006\000.\0003\000.\0003\000.\0002\000\040\000A\000t\000o\000m\000i\000c\000x\000\137\000S\000l\000e\000e\000p\000T\000i\000c\000k\000\050\000\051}{subsection.6.3.3}% 207
\BOOKMARK [3][-]{subsubsection.6.3.3.3}{\376\377\0006\000.\0003\000.\0003\000.\0003\000\040\000y\000i\000e\000l\000d\000\050\000\051}{subsection.6.3.3}% 208
\BOOKMARK [1][-]{section.6.4}{\376\377\0006\000.\0004\000\040\000a\000t\000o\000m\000i\000c\000x\000.\000h\000p\000p}{chapter.6}% 209
\BOOKMARK [0][-]{section*.34}{\376\377\000I\000n\000d\000e\000x}{}% 210
